Flow report for vhdl_game
Mon Oct 24 20:15:00 2022
Quartus II 64-Bit Version 9.1 Build 350 03/24/2010 Service Pack 2 SJ Full Version


---------------------
; Table of Contents ;
---------------------
  1. Legal Notice
  2. Flow Summary
  3. Flow Settings
  4. Flow Non-Default Global Settings
  5. Flow Elapsed Time
  6. Flow OS Summary
  7. Flow Log



----------------
; Legal Notice ;
----------------
Copyright (C) 1991-2010 Altera Corporation
Your use of Altera Corporation's design tools, logic functions 
and other software and tools, and its AMPP partner logic 
functions, and any output files from any of the foregoing 
(including device programming or simulation files), and any 
associated documentation or information are expressly subject 
to the terms and conditions of the Altera Program License 
Subscription Agreement, Altera MegaCore Function License 
Agreement, or other applicable license agreement, including, 
without limitation, that your use is for the sole purpose of 
programming logic devices manufactured by Altera and sold by 
Altera or its authorized distributors.  Please refer to the 
applicable agreement for further details.



+------------------------------------------------------------------------------------+
; Flow Summary                                                                       ;
+------------------------------------+-----------------------------------------------+
; Flow Status                        ; Flow Failed - Mon Oct 24 20:15:00 2022        ;
; Quartus II 64-Bit Version          ; 9.1 Build 350 03/24/2010 SP 2 SJ Full Version ;
; Revision Name                      ; vhdl_game                                     ;
; Top-level Entity Name              ; spaceinvaders                                 ;
; Family                             ; Cyclone IV E                                  ;
; Device                             ; EP4CE10F17C8                                  ;
; Timing Models                      ; Preliminary                                   ;
; Met timing requirements            ; N/A                                           ;
; Total logic elements               ; 12,231 / 10,320 ( 119 % )                     ;
;     Total combinational functions  ; 12,095 / 10,320 ( 117 % )                     ;
;     Dedicated logic registers      ; 1,431 / 10,320 ( 14 % )                       ;
; Total registers                    ; 1431                                          ;
; Total pins                         ; 60 / 180 ( 33 % )                             ;
; Total virtual pins                 ; 0                                             ;
; Total memory bits                  ; 57,600 / 423,936 ( 14 % )                     ;
; Embedded Multiplier 9-bit elements ; 0 / 46 ( 0 % )                                ;
; Total PLLs                         ; 1 / 2 ( 50 % )                                ;
+------------------------------------+-----------------------------------------------+


+-----------------------------------------+
; Flow Settings                           ;
+-------------------+---------------------+
; Option            ; Setting             ;
+-------------------+---------------------+
; Start date & time ; 10/24/2022 20:14:13 ;
; Main task         ; Compilation         ;
; Revision Name     ; vhdl_game           ;
+-------------------+---------------------+


+------------------------------------------------------------------------------------------------------------------------------------------------------------------------------------------+
; Flow Non-Default Global Settings                                                                                                                                                         ;
+------------------------------------+----------------------------------------------------------------------------------------------------+---------------+---------------+----------------+
; Assignment Name                    ; Value                                                                                              ; Default Value ; Entity Name   ; Section Id     ;
+------------------------------------+----------------------------------------------------------------------------------------------------+---------------+---------------+----------------+
; COMPILER_SIGNATURE_ID              ; 4620351486393.166661365310588                                                                      ; --            ; --            ; --             ;
; MAX_CORE_JUNCTION_TEMP             ; 85                                                                                                 ; --            ; --            ; --             ;
; MIN_CORE_JUNCTION_TEMP             ; 0                                                                                                  ; --            ; --            ; --             ;
; MISC_FILE                          ; D:/Quartus9.1/altera/91sp2/quartus/vhdl_class_project/space-invaders-vhdl-master/par/vhdl_game.dpf ; --            ; --            ; --             ;
; NOMINAL_CORE_SUPPLY_VOLTAGE        ; 1.0V                                                                                               ; --            ; --            ; --             ;
; PARTITION_COLOR                    ; 16764057                                                                                           ; --            ; spaceinvaders ; Top            ;
; PARTITION_NETLIST_TYPE             ; SOURCE                                                                                             ; --            ; spaceinvaders ; Top            ;
; TOP_LEVEL_ENTITY                   ; spaceinvaders                                                                                      ; vhdl_game     ; --            ; --             ;
; USE_GENERATED_PHYSICAL_CONSTRAINTS ; Off                                                                                                ; --            ; --            ; eda_blast_fpga ;
+------------------------------------+----------------------------------------------------------------------------------------------------+---------------+---------------+----------------+


+--------------------------------------------------------------------------------------------------------------------------+
; Flow Elapsed Time                                                                                                        ;
+----------------------+--------------+-------------------------+---------------------+------------------------------------+
; Module Name          ; Elapsed Time ; Average Processors Used ; Peak Virtual Memory ; Total CPU Time (on all processors) ;
+----------------------+--------------+-------------------------+---------------------+------------------------------------+
; Analysis & Synthesis ; 00:00:45     ; 1.0                     ; 4554 MB             ; 00:00:48                           ;
; Fitter               ; 00:00:00     ; 1.0                     ; 4418 MB             ; 00:00:00                           ;
; Total                ; 00:00:45     ; --                      ; --                  ; 00:00:48                           ;
+----------------------+--------------+-------------------------+---------------------+------------------------------------+


+---------------------------------------------------------------------------------------+
; Flow OS Summary                                                                       ;
+----------------------+------------------+---------------+------------+----------------+
; Module Name          ; Machine Hostname ; OS Name       ; OS Version ; Processor type ;
+----------------------+------------------+---------------+------------+----------------+
; Analysis & Synthesis ; LAPTOP-CHULONG   ; Windows Vista ; 6.2        ; x86_64         ;
; Fitter               ; LAPTOP-CHULONG   ; Windows Vista ; 6.2        ; x86_64         ;
+----------------------+------------------+---------------+------------+----------------+


------------
; Flow Log ;
------------
quartus_map --read_settings_files=on --write_settings_files=off vhdl_game -c vhdl_game
quartus_fit --read_settings_files=off --write_settings_files=off vhdl_game -c vhdl_game



